# Logfile created on 2014-02-11 12:18:26 +0000 by logger.rb/44203
I, [2014-02-11T12:18:26.616482 #79678]  INFO -- : 0:  rack (1.5.2) from /Users/mihailiviucojocar/.rvm/gems/ruby-2.1.0@global/specifications/rack-1.5.2.gemspec
I, [2014-02-11T12:18:26.616957 #79678]  INFO -- : 0:  rack-protection (1.5.2) from /Users/mihailiviucojocar/.rvm/gems/ruby-2.1.0/specifications/rack-protection-1.5.2.gemspec
I, [2014-02-11T12:18:26.617378 #79678]  INFO -- : 0:  tilt (1.4.1) from /Users/mihailiviucojocar/.rvm/gems/ruby-2.1.0@global/specifications/tilt-1.4.1.gemspec
I, [2014-02-11T12:18:26.617772 #79678]  INFO -- : 0:  sinatra (1.4.4) from /Users/mihailiviucojocar/.rvm/gems/ruby-2.1.0/specifications/sinatra-1.4.4.gemspec
I, [2014-02-11T12:18:26.618113 #79678]  INFO -- : 0:  bundler (1.5.1) from /Users/mihailiviucojocar/.rvm/gems/ruby-2.1.0@global/specifications/bundler-1.5.1.gemspec
I, [2014-02-11T14:36:38.036433 #81065]  INFO -- : 0:  addressable (2.3.5) from /Users/mihailiviucojocar/.rvm/gems/ruby-2.1.0/specifications/addressable-2.3.5.gemspec
I, [2014-02-11T14:36:40.845328 #81065]  INFO -- : 0:  bcrypt-ruby (3.1.2) from /Users/mihailiviucojocar/.rvm/gems/ruby-2.1.0/specifications/bcrypt-ruby-3.1.2.gemspec
I, [2014-02-11T14:36:41.601841 #81065]  INFO -- : 0:  dm-core (1.2.1) from /Users/mihailiviucojocar/.rvm/gems/ruby-2.1.0/specifications/dm-core-1.2.1.gemspec
I, [2014-02-11T14:36:45.304456 #81065]  INFO -- : 0:  dm-aggregates (1.2.0) from /Users/mihailiviucojocar/.rvm/gems/ruby-2.1.0/specifications/dm-aggregates-1.2.0.gemspec
I, [2014-02-11T14:36:45.812141 #81065]  INFO -- : 0:  dm-constraints (1.2.0) from /Users/mihailiviucojocar/.rvm/gems/ruby-2.1.0/specifications/dm-constraints-1.2.0.gemspec
I, [2014-02-11T14:36:46.337610 #81065]  INFO -- : 0:  dm-migrations (1.2.0) from /Users/mihailiviucojocar/.rvm/gems/ruby-2.1.0/specifications/dm-migrations-1.2.0.gemspec
I, [2014-02-11T14:36:49.423246 #81065]  INFO -- : 0:  fastercsv (1.5.5) from /Users/mihailiviucojocar/.rvm/gems/ruby-2.1.0/specifications/fastercsv-1.5.5.gemspec
I, [2014-02-11T14:36:49.423743 #81065]  INFO -- : 0:  json (1.8.1) from /Users/mihailiviucojocar/.rvm/rubies/ruby-2.1.0/lib/ruby/gems/2.1.0/specifications/default/json-1.8.1.gemspec
I, [2014-02-11T14:36:50.446500 #81065]  INFO -- : 0:  json_pure (1.8.1) from /Users/mihailiviucojocar/.rvm/gems/ruby-2.1.0/specifications/json_pure-1.8.1.gemspec
I, [2014-02-11T14:36:50.446928 #81065]  INFO -- : 0:  multi_json (1.8.4) from /Users/mihailiviucojocar/.rvm/gems/ruby-2.1.0/specifications/multi_json-1.8.4.gemspec
I, [2014-02-11T14:36:50.944513 #81065]  INFO -- : 0:  dm-serializer (1.2.2) from /Users/mihailiviucojocar/.rvm/gems/ruby-2.1.0/specifications/dm-serializer-1.2.2.gemspec
I, [2014-02-11T14:36:51.441698 #81065]  INFO -- : 0:  dm-timestamps (1.2.0) from /Users/mihailiviucojocar/.rvm/gems/ruby-2.1.0/specifications/dm-timestamps-1.2.0.gemspec
I, [2014-02-11T14:36:52.628337 #81065]  INFO -- : 0:  dm-transactions (1.2.0) from /Users/mihailiviucojocar/.rvm/gems/ruby-2.1.0/specifications/dm-transactions-1.2.0.gemspec
I, [2014-02-11T14:36:54.123221 #81065]  INFO -- : 0:  stringex (1.5.1) from /Users/mihailiviucojocar/.rvm/gems/ruby-2.1.0/specifications/stringex-1.5.1.gemspec
I, [2014-02-11T14:36:55.609225 #81065]  INFO -- : 0:  uuidtools (2.1.4) from /Users/mihailiviucojocar/.rvm/gems/ruby-2.1.0/specifications/uuidtools-2.1.4.gemspec
I, [2014-02-11T14:36:56.527176 #81065]  INFO -- : 0:  dm-types (1.2.2) from /Users/mihailiviucojocar/.rvm/gems/ruby-2.1.0/specifications/dm-types-1.2.2.gemspec
I, [2014-02-11T14:36:57.546494 #81065]  INFO -- : 0:  dm-validations (1.2.0) from /Users/mihailiviucojocar/.rvm/gems/ruby-2.1.0/specifications/dm-validations-1.2.0.gemspec
I, [2014-02-11T14:36:58.097951 #81065]  INFO -- : 0:  data_mapper (1.2.0) from /Users/mihailiviucojocar/.rvm/gems/ruby-2.1.0/specifications/data_mapper-1.2.0.gemspec
I, [2014-02-11T14:36:58.697529 #81065]  INFO -- : 0:  data_objects (0.10.13) from /Users/mihailiviucojocar/.rvm/gems/ruby-2.1.0/specifications/data_objects-0.10.13.gemspec
I, [2014-02-11T14:36:59.424044 #81065]  INFO -- : 0:  dm-do-adapter (1.2.0) from /Users/mihailiviucojocar/.rvm/gems/ruby-2.1.0/specifications/dm-do-adapter-1.2.0.gemspec
I, [2014-02-11T14:37:01.443214 #81065]  INFO -- : 0:  do_postgres (0.10.13) from /Users/mihailiviucojocar/.rvm/gems/ruby-2.1.0/specifications/do_postgres-0.10.13.gemspec
I, [2014-02-11T14:37:02.070684 #81065]  INFO -- : 0:  dm-postgres-adapter (1.2.0) from /Users/mihailiviucojocar/.rvm/gems/ruby-2.1.0/specifications/dm-postgres-adapter-1.2.0.gemspec
I, [2014-02-11T14:37:02.071418 #81065]  INFO -- : 0:  rack (1.5.2) from /Users/mihailiviucojocar/.rvm/gems/ruby-2.1.0@global/specifications/rack-1.5.2.gemspec
I, [2014-02-11T14:37:02.071838 #81065]  INFO -- : 0:  rack-protection (1.5.2) from /Users/mihailiviucojocar/.rvm/gems/ruby-2.1.0/specifications/rack-protection-1.5.2.gemspec
I, [2014-02-11T14:37:02.072312 #81065]  INFO -- : 0:  tilt (1.4.1) from /Users/mihailiviucojocar/.rvm/gems/ruby-2.1.0@global/specifications/tilt-1.4.1.gemspec
I, [2014-02-11T14:37:02.072710 #81065]  INFO -- : 0:  sinatra (1.4.4) from /Users/mihailiviucojocar/.rvm/gems/ruby-2.1.0/specifications/sinatra-1.4.4.gemspec
I, [2014-02-11T14:37:02.073087 #81065]  INFO -- : 0:  bundler (1.5.1) from /Users/mihailiviucojocar/.rvm/gems/ruby-2.1.0@global/specifications/bundler-1.5.1.gemspec
I, [2014-02-11T16:18:11.499110 #82176]  INFO -- : 0:  addressable (2.3.5) from /Users/mihailiviucojocar/.rvm/gems/ruby-2.1.0/specifications/addressable-2.3.5.gemspec
I, [2014-02-11T16:18:11.499852 #82176]  INFO -- : 0:  bcrypt-ruby (3.1.2) from /Users/mihailiviucojocar/.rvm/gems/ruby-2.1.0/specifications/bcrypt-ruby-3.1.2.gemspec
I, [2014-02-11T16:18:11.500171 #82176]  INFO -- : 0:  dm-core (1.2.1) from /Users/mihailiviucojocar/.rvm/gems/ruby-2.1.0/specifications/dm-core-1.2.1.gemspec
I, [2014-02-11T16:18:11.500460 #82176]  INFO -- : 0:  dm-aggregates (1.2.0) from /Users/mihailiviucojocar/.rvm/gems/ruby-2.1.0/specifications/dm-aggregates-1.2.0.gemspec
I, [2014-02-11T16:18:11.500749 #82176]  INFO -- : 0:  dm-constraints (1.2.0) from /Users/mihailiviucojocar/.rvm/gems/ruby-2.1.0/specifications/dm-constraints-1.2.0.gemspec
I, [2014-02-11T16:18:11.501019 #82176]  INFO -- : 0:  dm-migrations (1.2.0) from /Users/mihailiviucojocar/.rvm/gems/ruby-2.1.0/specifications/dm-migrations-1.2.0.gemspec
I, [2014-02-11T16:18:11.501297 #82176]  INFO -- : 0:  fastercsv (1.5.5) from /Users/mihailiviucojocar/.rvm/gems/ruby-2.1.0/specifications/fastercsv-1.5.5.gemspec
I, [2014-02-11T16:18:11.501552 #82176]  INFO -- : 0:  json (1.8.1) from /Users/mihailiviucojocar/.rvm/rubies/ruby-2.1.0/lib/ruby/gems/2.1.0/specifications/default/json-1.8.1.gemspec
I, [2014-02-11T16:18:11.501820 #82176]  INFO -- : 0:  json_pure (1.8.1) from /Users/mihailiviucojocar/.rvm/gems/ruby-2.1.0/specifications/json_pure-1.8.1.gemspec
I, [2014-02-11T16:18:11.502096 #82176]  INFO -- : 0:  multi_json (1.8.4) from /Users/mihailiviucojocar/.rvm/gems/ruby-2.1.0/specifications/multi_json-1.8.4.gemspec
I, [2014-02-11T16:18:11.502384 #82176]  INFO -- : 0:  dm-serializer (1.2.2) from /Users/mihailiviucojocar/.rvm/gems/ruby-2.1.0/specifications/dm-serializer-1.2.2.gemspec
I, [2014-02-11T16:18:11.502686 #82176]  INFO -- : 0:  dm-timestamps (1.2.0) from /Users/mihailiviucojocar/.rvm/gems/ruby-2.1.0/specifications/dm-timestamps-1.2.0.gemspec
I, [2014-02-11T16:18:11.502975 #82176]  INFO -- : 0:  dm-transactions (1.2.0) from /Users/mihailiviucojocar/.rvm/gems/ruby-2.1.0/specifications/dm-transactions-1.2.0.gemspec
I, [2014-02-11T16:18:11.503291 #82176]  INFO -- : 0:  stringex (1.5.1) from /Users/mihailiviucojocar/.rvm/gems/ruby-2.1.0/specifications/stringex-1.5.1.gemspec
I, [2014-02-11T16:18:11.503567 #82176]  INFO -- : 0:  uuidtools (2.1.4) from /Users/mihailiviucojocar/.rvm/gems/ruby-2.1.0/specifications/uuidtools-2.1.4.gemspec
I, [2014-02-11T16:18:11.503854 #82176]  INFO -- : 0:  dm-types (1.2.2) from /Users/mihailiviucojocar/.rvm/gems/ruby-2.1.0/specifications/dm-types-1.2.2.gemspec
I, [2014-02-11T16:18:11.504118 #82176]  INFO -- : 0:  dm-validations (1.2.0) from /Users/mihailiviucojocar/.rvm/gems/ruby-2.1.0/specifications/dm-validations-1.2.0.gemspec
I, [2014-02-11T16:18:11.504392 #82176]  INFO -- : 0:  data_mapper (1.2.0) from /Users/mihailiviucojocar/.rvm/gems/ruby-2.1.0/specifications/data_mapper-1.2.0.gemspec
I, [2014-02-11T16:18:11.504684 #82176]  INFO -- : 0:  data_objects (0.10.13) from /Users/mihailiviucojocar/.rvm/gems/ruby-2.1.0/specifications/data_objects-0.10.13.gemspec
I, [2014-02-11T16:18:11.504919 #82176]  INFO -- : 0:  diff-lcs (1.2.5) from /Users/mihailiviucojocar/.rvm/gems/ruby-2.1.0/specifications/diff-lcs-1.2.5.gemspec
I, [2014-02-11T16:18:11.505179 #82176]  INFO -- : 0:  dm-do-adapter (1.2.0) from /Users/mihailiviucojocar/.rvm/gems/ruby-2.1.0/specifications/dm-do-adapter-1.2.0.gemspec
I, [2014-02-11T16:18:11.505437 #82176]  INFO -- : 0:  do_postgres (0.10.13) from /Users/mihailiviucojocar/.rvm/gems/ruby-2.1.0/specifications/do_postgres-0.10.13.gemspec
I, [2014-02-11T16:18:11.505697 #82176]  INFO -- : 0:  dm-postgres-adapter (1.2.0) from /Users/mihailiviucojocar/.rvm/gems/ruby-2.1.0/specifications/dm-postgres-adapter-1.2.0.gemspec
I, [2014-02-11T16:18:11.505956 #82176]  INFO -- : 0:  rack (1.5.2) from /Users/mihailiviucojocar/.rvm/gems/ruby-2.1.0@global/specifications/rack-1.5.2.gemspec
I, [2014-02-11T16:18:11.506235 #82176]  INFO -- : 0:  rack-protection (1.5.2) from /Users/mihailiviucojocar/.rvm/gems/ruby-2.1.0/specifications/rack-protection-1.5.2.gemspec
I, [2014-02-11T16:18:11.506485 #82176]  INFO -- : 0:  rspec-core (2.14.7) from /Users/mihailiviucojocar/.rvm/gems/ruby-2.1.0/specifications/rspec-core-2.14.7.gemspec
I, [2014-02-11T16:18:11.506769 #82176]  INFO -- : 0:  rspec-expectations (2.14.4) from /Users/mihailiviucojocar/.rvm/gems/ruby-2.1.0/specifications/rspec-expectations-2.14.4.gemspec
I, [2014-02-11T16:18:11.507025 #82176]  INFO -- : 0:  rspec-mocks (2.14.4) from /Users/mihailiviucojocar/.rvm/gems/ruby-2.1.0/specifications/rspec-mocks-2.14.4.gemspec
I, [2014-02-11T16:18:11.507287 #82176]  INFO -- : 0:  rspec (2.14.1) from /Users/mihailiviucojocar/.rvm/gems/ruby-2.1.0/specifications/rspec-2.14.1.gemspec
I, [2014-02-11T16:18:11.507547 #82176]  INFO -- : 0:  tilt (1.4.1) from /Users/mihailiviucojocar/.rvm/gems/ruby-2.1.0@global/specifications/tilt-1.4.1.gemspec
I, [2014-02-11T16:18:11.507801 #82176]  INFO -- : 0:  sinatra (1.4.4) from /Users/mihailiviucojocar/.rvm/gems/ruby-2.1.0/specifications/sinatra-1.4.4.gemspec
I, [2014-02-11T16:18:11.508044 #82176]  INFO -- : 0:  bundler (1.5.1) from /Users/mihailiviucojocar/.rvm/gems/ruby-2.1.0@global/specifications/bundler-1.5.1.gemspec
I, [2014-02-11T16:57:54.576366 #82393]  INFO -- : 0:  addressable (2.3.5) from /Users/mihailiviucojocar/.rvm/gems/ruby-2.1.0/specifications/addressable-2.3.5.gemspec
I, [2014-02-11T16:57:54.576793 #82393]  INFO -- : 0:  bcrypt-ruby (3.1.2) from /Users/mihailiviucojocar/.rvm/gems/ruby-2.1.0/specifications/bcrypt-ruby-3.1.2.gemspec
I, [2014-02-11T16:57:54.577134 #82393]  INFO -- : 0:  dm-core (1.2.1) from /Users/mihailiviucojocar/.rvm/gems/ruby-2.1.0/specifications/dm-core-1.2.1.gemspec
I, [2014-02-11T16:57:54.577444 #82393]  INFO -- : 0:  dm-aggregates (1.2.0) from /Users/mihailiviucojocar/.rvm/gems/ruby-2.1.0/specifications/dm-aggregates-1.2.0.gemspec
I, [2014-02-11T16:57:54.577830 #82393]  INFO -- : 0:  dm-constraints (1.2.0) from /Users/mihailiviucojocar/.rvm/gems/ruby-2.1.0/specifications/dm-constraints-1.2.0.gemspec
I, [2014-02-11T16:57:54.578261 #82393]  INFO -- : 0:  dm-migrations (1.2.0) from /Users/mihailiviucojocar/.rvm/gems/ruby-2.1.0/specifications/dm-migrations-1.2.0.gemspec
I, [2014-02-11T16:57:54.578947 #82393]  INFO -- : 0:  fastercsv (1.5.5) from /Users/mihailiviucojocar/.rvm/gems/ruby-2.1.0/specifications/fastercsv-1.5.5.gemspec
I, [2014-02-11T16:57:54.579594 #82393]  INFO -- : 0:  json (1.8.1) from /Users/mihailiviucojocar/.rvm/rubies/ruby-2.1.0/lib/ruby/gems/2.1.0/specifications/default/json-1.8.1.gemspec
I, [2014-02-11T16:57:54.580205 #82393]  INFO -- : 0:  json_pure (1.8.1) from /Users/mihailiviucojocar/.rvm/gems/ruby-2.1.0/specifications/json_pure-1.8.1.gemspec
I, [2014-02-11T16:57:54.580789 #82393]  INFO -- : 0:  multi_json (1.8.4) from /Users/mihailiviucojocar/.rvm/gems/ruby-2.1.0/specifications/multi_json-1.8.4.gemspec
I, [2014-02-11T16:57:54.581283 #82393]  INFO -- : 0:  dm-serializer (1.2.2) from /Users/mihailiviucojocar/.rvm/gems/ruby-2.1.0/specifications/dm-serializer-1.2.2.gemspec
I, [2014-02-11T16:57:54.581775 #82393]  INFO -- : 0:  dm-timestamps (1.2.0) from /Users/mihailiviucojocar/.rvm/gems/ruby-2.1.0/specifications/dm-timestamps-1.2.0.gemspec
I, [2014-02-11T16:57:54.582309 #82393]  INFO -- : 0:  dm-transactions (1.2.0) from /Users/mihailiviucojocar/.rvm/gems/ruby-2.1.0/specifications/dm-transactions-1.2.0.gemspec
I, [2014-02-11T16:57:54.582771 #82393]  INFO -- : 0:  stringex (1.5.1) from /Users/mihailiviucojocar/.rvm/gems/ruby-2.1.0/specifications/stringex-1.5.1.gemspec
I, [2014-02-11T16:57:54.583237 #82393]  INFO -- : 0:  uuidtools (2.1.4) from /Users/mihailiviucojocar/.rvm/gems/ruby-2.1.0/specifications/uuidtools-2.1.4.gemspec
I, [2014-02-11T16:57:54.583710 #82393]  INFO -- : 0:  dm-types (1.2.2) from /Users/mihailiviucojocar/.rvm/gems/ruby-2.1.0/specifications/dm-types-1.2.2.gemspec
I, [2014-02-11T16:57:54.584154 #82393]  INFO -- : 0:  dm-validations (1.2.0) from /Users/mihailiviucojocar/.rvm/gems/ruby-2.1.0/specifications/dm-validations-1.2.0.gemspec
I, [2014-02-11T16:57:54.584696 #82393]  INFO -- : 0:  data_mapper (1.2.0) from /Users/mihailiviucojocar/.rvm/gems/ruby-2.1.0/specifications/data_mapper-1.2.0.gemspec
I, [2014-02-11T16:57:54.585206 #82393]  INFO -- : 0:  data_objects (0.10.13) from /Users/mihailiviucojocar/.rvm/gems/ruby-2.1.0/specifications/data_objects-0.10.13.gemspec
I, [2014-02-11T16:57:55.440854 #82393]  INFO -- : 0:  database_cleaner (1.2.0) from /Users/mihailiviucojocar/.rvm/gems/ruby-2.1.0/specifications/database_cleaner-1.2.0.gemspec
I, [2014-02-11T16:57:55.441250 #82393]  INFO -- : 0:  diff-lcs (1.2.5) from /Users/mihailiviucojocar/.rvm/gems/ruby-2.1.0/specifications/diff-lcs-1.2.5.gemspec
I, [2014-02-11T16:57:55.441540 #82393]  INFO -- : 0:  dm-do-adapter (1.2.0) from /Users/mihailiviucojocar/.rvm/gems/ruby-2.1.0/specifications/dm-do-adapter-1.2.0.gemspec
I, [2014-02-11T16:57:55.441820 #82393]  INFO -- : 0:  do_postgres (0.10.13) from /Users/mihailiviucojocar/.rvm/gems/ruby-2.1.0/specifications/do_postgres-0.10.13.gemspec
I, [2014-02-11T16:57:55.442177 #82393]  INFO -- : 0:  dm-postgres-adapter (1.2.0) from /Users/mihailiviucojocar/.rvm/gems/ruby-2.1.0/specifications/dm-postgres-adapter-1.2.0.gemspec
I, [2014-02-11T16:57:55.442464 #82393]  INFO -- : 0:  rack (1.5.2) from /Users/mihailiviucojocar/.rvm/gems/ruby-2.1.0@global/specifications/rack-1.5.2.gemspec
I, [2014-02-11T16:57:55.442750 #82393]  INFO -- : 0:  rack-protection (1.5.2) from /Users/mihailiviucojocar/.rvm/gems/ruby-2.1.0/specifications/rack-protection-1.5.2.gemspec
I, [2014-02-11T16:57:55.443077 #82393]  INFO -- : 0:  rspec-core (2.14.7) from /Users/mihailiviucojocar/.rvm/gems/ruby-2.1.0/specifications/rspec-core-2.14.7.gemspec
I, [2014-02-11T16:57:55.443359 #82393]  INFO -- : 0:  rspec-expectations (2.14.4) from /Users/mihailiviucojocar/.rvm/gems/ruby-2.1.0/specifications/rspec-expectations-2.14.4.gemspec
I, [2014-02-11T16:57:55.443622 #82393]  INFO -- : 0:  rspec-mocks (2.14.4) from /Users/mihailiviucojocar/.rvm/gems/ruby-2.1.0/specifications/rspec-mocks-2.14.4.gemspec
I, [2014-02-11T16:57:55.443869 #82393]  INFO -- : 0:  rspec (2.14.1) from /Users/mihailiviucojocar/.rvm/gems/ruby-2.1.0/specifications/rspec-2.14.1.gemspec
I, [2014-02-11T16:57:55.444160 #82393]  INFO -- : 0:  tilt (1.4.1) from /Users/mihailiviucojocar/.rvm/gems/ruby-2.1.0@global/specifications/tilt-1.4.1.gemspec
I, [2014-02-11T16:57:55.444425 #82393]  INFO -- : 0:  sinatra (1.4.4) from /Users/mihailiviucojocar/.rvm/gems/ruby-2.1.0/specifications/sinatra-1.4.4.gemspec
I, [2014-02-11T16:57:55.444679 #82393]  INFO -- : 0:  bundler (1.5.1) from /Users/mihailiviucojocar/.rvm/gems/ruby-2.1.0@global/specifications/bundler-1.5.1.gemspec
I, [2014-02-11T17:05:28.852341 #82439]  INFO -- : 0:  addressable (2.3.5) from /Users/mihailiviucojocar/.rvm/gems/ruby-2.1.0/specifications/addressable-2.3.5.gemspec
I, [2014-02-11T17:05:28.852787 #82439]  INFO -- : 0:  bcrypt-ruby (3.1.2) from /Users/mihailiviucojocar/.rvm/gems/ruby-2.1.0/specifications/bcrypt-ruby-3.1.2.gemspec
I, [2014-02-11T17:05:30.162146 #82439]  INFO -- : 0:  mime-types (2.1) from /Users/mihailiviucojocar/.rvm/gems/ruby-2.1.0/specifications/mime-types-2.1.gemspec
I, [2014-02-11T17:05:30.825841 #82439]  INFO -- : 0:  mini_portile (0.5.2) from /Users/mihailiviucojocar/.rvm/gems/ruby-2.1.0/specifications/mini_portile-0.5.2.gemspec
I, [2014-02-11T17:07:39.245588 #82439]  INFO -- : 0:  nokogiri (1.6.1) from /Users/mihailiviucojocar/.rvm/gems/ruby-2.1.0/specifications/nokogiri-1.6.1.gemspec
I, [2014-02-11T17:07:39.246288 #82439]  INFO -- : 0:  rack (1.5.2) from /Users/mihailiviucojocar/.rvm/gems/ruby-2.1.0@global/specifications/rack-1.5.2.gemspec
I, [2014-02-11T17:07:39.246764 #82439]  INFO -- : 0:  rack-test (0.6.2) from /Users/mihailiviucojocar/.rvm/gems/ruby-2.1.0@global/specifications/rack-test-0.6.2.gemspec
I, [2014-02-11T17:07:40.555406 #82439]  INFO -- : 0:  xpath (2.0.0) from /Users/mihailiviucojocar/.rvm/gems/ruby-2.1.0/specifications/xpath-2.0.0.gemspec
I, [2014-02-11T17:07:42.157878 #82439]  INFO -- : 0:  capybara (2.2.1) from /Users/mihailiviucojocar/.rvm/gems/ruby-2.1.0/specifications/capybara-2.2.1.gemspec
I, [2014-02-11T17:07:42.158694 #82439]  INFO -- : 0:  dm-core (1.2.1) from /Users/mihailiviucojocar/.rvm/gems/ruby-2.1.0/specifications/dm-core-1.2.1.gemspec
I, [2014-02-11T17:07:42.159435 #82439]  INFO -- : 0:  dm-aggregates (1.2.0) from /Users/mihailiviucojocar/.rvm/gems/ruby-2.1.0/specifications/dm-aggregates-1.2.0.gemspec
I, [2014-02-11T17:07:42.160209 #82439]  INFO -- : 0:  dm-constraints (1.2.0) from /Users/mihailiviucojocar/.rvm/gems/ruby-2.1.0/specifications/dm-constraints-1.2.0.gemspec
I, [2014-02-11T17:07:42.160981 #82439]  INFO -- : 0:  dm-migrations (1.2.0) from /Users/mihailiviucojocar/.rvm/gems/ruby-2.1.0/specifications/dm-migrations-1.2.0.gemspec
I, [2014-02-11T17:07:42.161641 #82439]  INFO -- : 0:  fastercsv (1.5.5) from /Users/mihailiviucojocar/.rvm/gems/ruby-2.1.0/specifications/fastercsv-1.5.5.gemspec
I, [2014-02-11T17:07:42.162435 #82439]  INFO -- : 0:  json (1.8.1) from /Users/mihailiviucojocar/.rvm/rubies/ruby-2.1.0/lib/ruby/gems/2.1.0/specifications/default/json-1.8.1.gemspec
I, [2014-02-11T17:07:42.163328 #82439]  INFO -- : 0:  json_pure (1.8.1) from /Users/mihailiviucojocar/.rvm/gems/ruby-2.1.0/specifications/json_pure-1.8.1.gemspec
I, [2014-02-11T17:07:42.164175 #82439]  INFO -- : 0:  multi_json (1.8.4) from /Users/mihailiviucojocar/.rvm/gems/ruby-2.1.0/specifications/multi_json-1.8.4.gemspec
I, [2014-02-11T17:07:42.164763 #82439]  INFO -- : 0:  dm-serializer (1.2.2) from /Users/mihailiviucojocar/.rvm/gems/ruby-2.1.0/specifications/dm-serializer-1.2.2.gemspec
I, [2014-02-11T17:07:42.165210 #82439]  INFO -- : 0:  dm-timestamps (1.2.0) from /Users/mihailiviucojocar/.rvm/gems/ruby-2.1.0/specifications/dm-timestamps-1.2.0.gemspec
I, [2014-02-11T17:07:42.165624 #82439]  INFO -- : 0:  dm-transactions (1.2.0) from /Users/mihailiviucojocar/.rvm/gems/ruby-2.1.0/specifications/dm-transactions-1.2.0.gemspec
I, [2014-02-11T17:07:42.166078 #82439]  INFO -- : 0:  stringex (1.5.1) from /Users/mihailiviucojocar/.rvm/gems/ruby-2.1.0/specifications/stringex-1.5.1.gemspec
I, [2014-02-11T17:07:42.166565 #82439]  INFO -- : 0:  uuidtools (2.1.4) from /Users/mihailiviucojocar/.rvm/gems/ruby-2.1.0/specifications/uuidtools-2.1.4.gemspec
I, [2014-02-11T17:07:42.166936 #82439]  INFO -- : 0:  dm-types (1.2.2) from /Users/mihailiviucojocar/.rvm/gems/ruby-2.1.0/specifications/dm-types-1.2.2.gemspec
I, [2014-02-11T17:07:42.167427 #82439]  INFO -- : 0:  dm-validations (1.2.0) from /Users/mihailiviucojocar/.rvm/gems/ruby-2.1.0/specifications/dm-validations-1.2.0.gemspec
I, [2014-02-11T17:07:42.168027 #82439]  INFO -- : 0:  data_mapper (1.2.0) from /Users/mihailiviucojocar/.rvm/gems/ruby-2.1.0/specifications/data_mapper-1.2.0.gemspec
I, [2014-02-11T17:07:42.168575 #82439]  INFO -- : 0:  data_objects (0.10.13) from /Users/mihailiviucojocar/.rvm/gems/ruby-2.1.0/specifications/data_objects-0.10.13.gemspec
I, [2014-02-11T17:07:42.169128 #82439]  INFO -- : 0:  database_cleaner (1.2.0) from /Users/mihailiviucojocar/.rvm/gems/ruby-2.1.0/specifications/database_cleaner-1.2.0.gemspec
I, [2014-02-11T17:07:42.169682 #82439]  INFO -- : 0:  diff-lcs (1.2.5) from /Users/mihailiviucojocar/.rvm/gems/ruby-2.1.0/specifications/diff-lcs-1.2.5.gemspec
I, [2014-02-11T17:07:42.170434 #82439]  INFO -- : 0:  dm-do-adapter (1.2.0) from /Users/mihailiviucojocar/.rvm/gems/ruby-2.1.0/specifications/dm-do-adapter-1.2.0.gemspec
I, [2014-02-11T17:07:42.171260 #82439]  INFO -- : 0:  do_postgres (0.10.13) from /Users/mihailiviucojocar/.rvm/gems/ruby-2.1.0/specifications/do_postgres-0.10.13.gemspec
I, [2014-02-11T17:07:42.171933 #82439]  INFO -- : 0:  dm-postgres-adapter (1.2.0) from /Users/mihailiviucojocar/.rvm/gems/ruby-2.1.0/specifications/dm-postgres-adapter-1.2.0.gemspec
I, [2014-02-11T17:07:42.172757 #82439]  INFO -- : 0:  rack-protection (1.5.2) from /Users/mihailiviucojocar/.rvm/gems/ruby-2.1.0/specifications/rack-protection-1.5.2.gemspec
I, [2014-02-11T17:07:42.173312 #82439]  INFO -- : 0:  rspec-core (2.14.7) from /Users/mihailiviucojocar/.rvm/gems/ruby-2.1.0/specifications/rspec-core-2.14.7.gemspec
I, [2014-02-11T17:07:42.173860 #82439]  INFO -- : 0:  rspec-expectations (2.14.4) from /Users/mihailiviucojocar/.rvm/gems/ruby-2.1.0/specifications/rspec-expectations-2.14.4.gemspec
I, [2014-02-11T17:07:42.174415 #82439]  INFO -- : 0:  rspec-mocks (2.14.4) from /Users/mihailiviucojocar/.rvm/gems/ruby-2.1.0/specifications/rspec-mocks-2.14.4.gemspec
I, [2014-02-11T17:07:42.174935 #82439]  INFO -- : 0:  rspec (2.14.1) from /Users/mihailiviucojocar/.rvm/gems/ruby-2.1.0/specifications/rspec-2.14.1.gemspec
I, [2014-02-11T17:07:42.175543 #82439]  INFO -- : 0:  tilt (1.4.1) from /Users/mihailiviucojocar/.rvm/gems/ruby-2.1.0@global/specifications/tilt-1.4.1.gemspec
I, [2014-02-11T17:07:42.176195 #82439]  INFO -- : 0:  sinatra (1.4.4) from /Users/mihailiviucojocar/.rvm/gems/ruby-2.1.0/specifications/sinatra-1.4.4.gemspec
I, [2014-02-11T17:07:42.177275 #82439]  INFO -- : 0:  bundler (1.5.1) from /Users/mihailiviucojocar/.rvm/gems/ruby-2.1.0@global/specifications/bundler-1.5.1.gemspec
